android/app/build/intermediates/manifest_merge_blame_file/debug/manifest-merger-blame-debug-report.txt
1<?xml version="1.0" encoding="utf-8"?>
2<manifest xmlns:android="http://schemas.android.com/apk/res/android"
3    package="com.godareapp.app"
4    android:versionCode="48"
5    android:versionName="1.0.4" >
6
7    <uses-sdk
8        android:minSdkVersion="23"
9        android:targetSdkVersion="34" />
10
11    <uses-permission android:name="android.permission.INTERNET" />
11-->src/main/AndroidManifest.xml:3:5-67
11-->src/main/AndroidManifest.xml:3:22-64
12    <uses-permission android:name="android.permission.READ_EXTERNAL_STORAGE" />
12-->src/main/AndroidManifest.xml:5:5-80
12-->src/main/AndroidManifest.xml:5:22-77
13    <uses-permission android:name="android.permission.WRITE_EXTERNAL_STORAGE" />
13-->src/main/AndroidManifest.xml:6:5-81
13-->src/main/AndroidManifest.xml:6:22-78
14    <uses-permission android:name="android.permission.DOWNLOAD_WITHOUT_NOTIFICATION" />
14-->src/main/AndroidManifest.xml:7:5-88
14-->src/main/AndroidManifest.xml:7:22-85
15    <uses-permission android:name="android.permission.VIBRATE" />
15-->src/main/AndroidManifest.xml:8:5-66
15-->src/main/AndroidManifest.xml:8:22-63
16    <uses-permission android:name="android.permission.RECEIVE_BOOT_COMPLETED" />
16-->src/main/AndroidManifest.xml:9:5-81
16-->src/main/AndroidManifest.xml:9:22-78
17    <uses-permission android:name="android.permission.READ_PHONE_STATE" />
18    <uses-permission android:name="android.permission.WAKE_LOCK" />
18-->[:react-native-firebase_auth] AndroidManifest.xml:8:5-68
18-->[:react-native-firebase_auth] AndroidManifest.xml:8:22-65
19    <uses-permission android:name="android.permission.ACCESS_NETWORK_STATE" /> <!-- Required to check whether Wi-Fi is enabled -->
19-->[:react-native-firebase_auth] AndroidManifest.xml:9:5-79
19-->[:react-native-firebase_auth] AndroidManifest.xml:9:22-76
20    <uses-permission android:name="android.permission.ACCESS_WIFI_STATE" />
20-->[:react-native-blob-util] AndroidManifest.xml:23:5-76
20-->[:react-native-blob-util] AndroidManifest.xml:23:22-73
21    <!--
22    This manifest file is used only by Gradle to configure debug-only capabilities
23    for React Native Apps.
24    -->
25    <uses-permission android:name="android.permission.SYSTEM_ALERT_WINDOW" /> <!-- See https://developer.android.com/training/package-visibility/declaring for more details. -->
25-->[com.facebook.react:react-android:0.73.6] AndroidManifest.xml:16:5-78
25-->[com.facebook.react:react-android:0.73.6] AndroidManifest.xml:16:22-75
26    <queries>
26-->[com.stripe:financial-connections:20.48.6] AndroidManifest.xml:10:5-18:15
27
28        <!-- Added to check the default browser that will host the AuthFlow. -->
29        <intent>
29-->[com.stripe:financial-connections:20.48.6] AndroidManifest.xml:13:9-17:18
30            <action android:name="android.intent.action.VIEW" />
30-->[com.stripe:financial-connections:20.48.6] AndroidManifest.xml:14:13-65
30-->[com.stripe:financial-connections:20.48.6] AndroidManifest.xml:14:21-62
31
32            <data android:scheme="http" />
32-->[com.stripe:financial-connections:20.48.6] AndroidManifest.xml:16:13-43
32-->[com.stripe:financial-connections:20.48.6] AndroidManifest.xml:16:19-40
33        </intent>
34        <!-- Added to check if Chrome is installed for browser-based payment authentication (e.g. 3DS1). -->
35        <package android:name="com.android.chrome" /> <!-- Needs to be explicitly declared on Android R+ -->
35-->[com.stripe:payments-core:20.48.6] AndroidManifest.xml:11:9-54
35-->[com.stripe:payments-core:20.48.6] AndroidManifest.xml:11:18-51
36        <package android:name="com.google.android.apps.maps" />
36-->[com.google.android.gms:play-services-maps:18.0.2] AndroidManifest.xml:33:9-64
36-->[com.google.android.gms:play-services-maps:18.0.2] AndroidManifest.xml:33:18-61
37    </queries>
38
39    <uses-permission android:name="android.permission.POST_NOTIFICATIONS" /> <!-- Required by older versions of Google Play services to create IID tokens -->
39-->[com.google.firebase:firebase-messaging:24.0.0] AndroidManifest.xml:23:5-77
39-->[com.google.firebase:firebase-messaging:24.0.0] AndroidManifest.xml:23:22-74
40    <uses-permission android:name="com.google.android.c2dm.permission.RECEIVE" />
40-->[com.google.firebase:firebase-messaging:24.0.0] AndroidManifest.xml:26:5-82
40-->[com.google.firebase:firebase-messaging:24.0.0] AndroidManifest.xml:26:22-79
41    <uses-permission android:name="com.google.android.gms.permission.AD_ID" />
41-->[com.google.android.gms:play-services-measurement-api:22.0.2] AndroidManifest.xml:25:5-79
41-->[com.google.android.gms:play-services-measurement-api:22.0.2] AndroidManifest.xml:25:22-76
42    <uses-permission android:name="android.permission.ACCESS_ADSERVICES_ATTRIBUTION" />
42-->[com.google.android.gms:play-services-measurement-api:22.0.2] AndroidManifest.xml:26:5-88
42-->[com.google.android.gms:play-services-measurement-api:22.0.2] AndroidManifest.xml:26:22-85
43    <uses-permission android:name="android.permission.ACCESS_ADSERVICES_AD_ID" />
43-->[com.google.android.gms:play-services-measurement-api:22.0.2] AndroidManifest.xml:27:5-82
43-->[com.google.android.gms:play-services-measurement-api:22.0.2] AndroidManifest.xml:27:22-79
44
45    <uses-feature
45-->[com.google.android.gms:play-services-maps:18.0.2] AndroidManifest.xml:26:5-28:35
46        android:glEsVersion="0x00020000"
46-->[com.google.android.gms:play-services-maps:18.0.2] AndroidManifest.xml:27:9-41
47        android:required="true" />
47-->[com.google.android.gms:play-services-maps:18.0.2] AndroidManifest.xml:28:9-32
48
49    <uses-permission android:name="com.google.android.finsky.permission.BIND_GET_INSTALL_REFERRER_SERVICE" />
49-->[com.google.android.gms:play-services-measurement:22.0.2] AndroidManifest.xml:26:5-110
49-->[com.google.android.gms:play-services-measurement:22.0.2] AndroidManifest.xml:26:22-107
50    <uses-permission android:name="com.google.android.providers.gsf.permission.READ_GSERVICES" />
50-->[com.google.android.recaptcha:recaptcha:18.4.0] AndroidManifest.xml:9:5-98
50-->[com.google.android.recaptcha:recaptcha:18.4.0] AndroidManifest.xml:9:22-95
51
52    <permission
52-->[androidx.core:core:1.12.0] AndroidManifest.xml:22:5-24:47
53        android:name="com.godareapp.app.DYNAMIC_RECEIVER_NOT_EXPORTED_PERMISSION"
53-->[androidx.core:core:1.12.0] AndroidManifest.xml:23:9-81
54        android:protectionLevel="signature" />
54-->[androidx.core:core:1.12.0] AndroidManifest.xml:24:9-44
55
56    <uses-permission android:name="com.godareapp.app.DYNAMIC_RECEIVER_NOT_EXPORTED_PERMISSION" /> <!-- for android -->
56-->[androidx.core:core:1.12.0] AndroidManifest.xml:26:5-97
56-->[androidx.core:core:1.12.0] AndroidManifest.xml:26:22-94
57    <!-- <uses-permission android:name="com.android.launcher.permission.READ_SETTINGS"/> -->
58    <!-- <uses-permission android:name="com.android.launcher.permission.WRITE_SETTINGS"/> -->
59    <!-- <uses-permission android:name="com.android.launcher.permission.INSTALL_SHORTCUT" /> -->
60    <!-- <uses-permission android:name="com.android.launcher.permission.UNINSTALL_SHORTCUT" /> -->
61    <!-- for Samsung -->
62    <uses-permission android:name="com.sec.android.provider.badge.permission.READ" />
62-->[me.leolin:ShortcutBadger:1.1.22] AndroidManifest.xml:19:5-86
62-->[me.leolin:ShortcutBadger:1.1.22] AndroidManifest.xml:19:22-83
63    <uses-permission android:name="com.sec.android.provider.badge.permission.WRITE" /> <!-- for htc -->
63-->[me.leolin:ShortcutBadger:1.1.22] AndroidManifest.xml:20:5-87
63-->[me.leolin:ShortcutBadger:1.1.22] AndroidManifest.xml:20:22-84
64    <uses-permission android:name="com.htc.launcher.permission.READ_SETTINGS" />
64-->[me.leolin:ShortcutBadger:1.1.22] AndroidManifest.xml:23:5-81
64-->[me.leolin:ShortcutBadger:1.1.22] AndroidManifest.xml:23:22-78
65    <uses-permission android:name="com.htc.launcher.permission.UPDATE_SHORTCUT" /> <!-- for sony -->
65-->[me.leolin:ShortcutBadger:1.1.22] AndroidManifest.xml:24:5-83
65-->[me.leolin:ShortcutBadger:1.1.22] AndroidManifest.xml:24:22-80
66    <uses-permission android:name="com.sonyericsson.home.permission.BROADCAST_BADGE" />
66-->[me.leolin:ShortcutBadger:1.1.22] AndroidManifest.xml:27:5-88
66-->[me.leolin:ShortcutBadger:1.1.22] AndroidManifest.xml:27:22-85
67    <uses-permission android:name="com.sonymobile.home.permission.PROVIDER_INSERT_BADGE" /> <!-- for apex -->
67-->[me.leolin:ShortcutBadger:1.1.22] AndroidManifest.xml:28:5-92
67-->[me.leolin:ShortcutBadger:1.1.22] AndroidManifest.xml:28:22-89
68    <uses-permission android:name="com.anddoes.launcher.permission.UPDATE_COUNT" /> <!-- for solid -->
68-->[me.leolin:ShortcutBadger:1.1.22] AndroidManifest.xml:31:5-84
68-->[me.leolin:ShortcutBadger:1.1.22] AndroidManifest.xml:31:22-81
69    <uses-permission android:name="com.majeur.launcher.permission.UPDATE_BADGE" /> <!-- for huawei -->
69-->[me.leolin:ShortcutBadger:1.1.22] AndroidManifest.xml:34:5-83
69-->[me.leolin:ShortcutBadger:1.1.22] AndroidManifest.xml:34:22-80
70    <uses-permission android:name="com.huawei.android.launcher.permission.CHANGE_BADGE" />
70-->[me.leolin:ShortcutBadger:1.1.22] AndroidManifest.xml:37:5-91
70-->[me.leolin:ShortcutBadger:1.1.22] AndroidManifest.xml:37:22-88
71    <uses-permission android:name="com.huawei.android.launcher.permission.READ_SETTINGS" />
71-->[me.leolin:ShortcutBadger:1.1.22] AndroidManifest.xml:38:5-92
71-->[me.leolin:ShortcutBadger:1.1.22] AndroidManifest.xml:38:22-89
72    <uses-permission android:name="com.huawei.android.launcher.permission.WRITE_SETTINGS" /> <!-- for ZUK -->
72-->[me.leolin:ShortcutBadger:1.1.22] AndroidManifest.xml:39:5-93
72-->[me.leolin:ShortcutBadger:1.1.22] AndroidManifest.xml:39:22-90
73    <uses-permission android:name="android.permission.READ_APP_BADGE" /> <!-- for OPPO -->
73-->[me.leolin:ShortcutBadger:1.1.22] AndroidManifest.xml:42:5-73
73-->[me.leolin:ShortcutBadger:1.1.22] AndroidManifest.xml:42:22-70
74    <uses-permission android:name="com.oppo.launcher.permission.READ_SETTINGS" />
74-->[me.leolin:ShortcutBadger:1.1.22] AndroidManifest.xml:45:5-82
74-->[me.leolin:ShortcutBadger:1.1.22] AndroidManifest.xml:45:22-79
75    <uses-permission android:name="com.oppo.launcher.permission.WRITE_SETTINGS" /> <!-- for EvMe -->
75-->[me.leolin:ShortcutBadger:1.1.22] AndroidManifest.xml:46:5-83
75-->[me.leolin:ShortcutBadger:1.1.22] AndroidManifest.xml:46:22-80
76    <uses-permission android:name="me.everything.badger.permission.BADGE_COUNT_READ" />
76-->[me.leolin:ShortcutBadger:1.1.22] AndroidManifest.xml:49:5-88
76-->[me.leolin:ShortcutBadger:1.1.22] AndroidManifest.xml:49:22-85
77    <uses-permission android:name="me.everything.badger.permission.BADGE_COUNT_WRITE" />
77-->[me.leolin:ShortcutBadger:1.1.22] AndroidManifest.xml:50:5-89
77-->[me.leolin:ShortcutBadger:1.1.22] AndroidManifest.xml:50:22-86
78
79    <application
79-->src/main/AndroidManifest.xml:11:5-63:19
80        android:name="com.godareapp.app.MainApplication"
80-->src/main/AndroidManifest.xml:12:9-40
81        android:allowBackup="false"
81-->src/main/AndroidManifest.xml:16:9-36
82        android:appComponentFactory="androidx.core.app.CoreComponentFactory"
82-->[androidx.core:core:1.12.0] AndroidManifest.xml:28:18-86
83        android:debuggable="true"
84        android:extractNativeLibs="false"
85        android:icon="@mipmap/ic_launcher"
85-->src/main/AndroidManifest.xml:14:9-43
86        android:label="@string/app_name"
86-->src/main/AndroidManifest.xml:13:9-41
87        android:roundIcon="@mipmap/ic_launcher_round"
87-->src/main/AndroidManifest.xml:15:9-54
88        android:theme="@style/AppTheme"
88-->src/main/AndroidManifest.xml:17:9-40
89        android:usesCleartextTraffic="true" >
89-->src/debug/AndroidManifest.xml:6:9-44
90        <activity
90-->src/main/AndroidManifest.xml:18:9-31:20
91            android:name="com.godareapp.app.MainActivity"
91-->src/main/AndroidManifest.xml:19:13-41
92            android:configChanges="keyboard|keyboardHidden|orientation|screenLayout|screenSize|smallestScreenSize|uiMode"
92-->src/main/AndroidManifest.xml:21:13-122
93            android:exported="true"
93-->src/main/AndroidManifest.xml:24:13-36
94            android:label="@string/app_name"
94-->src/main/AndroidManifest.xml:20:13-45
95            android:launchMode="singleTask"
95-->src/main/AndroidManifest.xml:22:13-44
96            android:screenOrientation="portrait"
96-->src/main/AndroidManifest.xml:25:13-49
97            android:windowSoftInputMode="adjustResize" >
97-->src/main/AndroidManifest.xml:23:13-55
98            <intent-filter>
98-->src/main/AndroidManifest.xml:26:13-29:29
99                <action android:name="android.intent.action.MAIN" />
99-->src/main/AndroidManifest.xml:27:17-69
99-->src/main/AndroidManifest.xml:27:25-66
100
101                <category android:name="android.intent.category.LAUNCHER" />
101-->src/main/AndroidManifest.xml:28:17-77
101-->src/main/AndroidManifest.xml:28:27-74
102            </intent-filter>
103        </activity>
104        <!--
105 Change the value to true to enable pop-up for in foreground on receiving remote
106        notifications (for prevent duplicating while showing local notifications set this to false)
107        -->
108        <meta-data
108-->src/main/AndroidManifest.xml:35:9-36:37
109            android:name="com.dieam.reactnativepushnotification.notification_foreground"
109-->src/main/AndroidManifest.xml:35:20-96
110            android:value="false" /> <!-- Change the resource name to your App's accent color - or any other color you want -->
110-->src/main/AndroidManifest.xml:36:13-34
111        <meta-data
111-->src/main/AndroidManifest.xml:38:9-39:47
112            android:name="com.dieam.reactnativepushnotification.notification_color"
112-->src/main/AndroidManifest.xml:38:20-91
113            android:resource="@color/white" />
113-->src/main/AndroidManifest.xml:39:13-44
114
115        <receiver android:name="com.dieam.reactnativepushnotification.modules.RNPushNotificationActions" />
115-->src/main/AndroidManifest.xml:40:9-41:102
115-->src/main/AndroidManifest.xml:41:13-99
116        <receiver android:name="com.dieam.reactnativepushnotification.modules.RNPushNotificationPublisher" />
116-->src/main/AndroidManifest.xml:42:9-43:104
116-->src/main/AndroidManifest.xml:43:13-101
117        <receiver
117-->src/main/AndroidManifest.xml:44:9-52:20
118            android:name="com.dieam.reactnativepushnotification.modules.RNPushNotificationBootEventReceiver"
118-->src/main/AndroidManifest.xml:45:13-109
119            android:exported="false" >
119-->src/main/AndroidManifest.xml:46:13-37
120            <intent-filter>
120-->src/main/AndroidManifest.xml:47:13-51:29
121                <action android:name="android.intent.action.BOOT_COMPLETED" />
121-->src/main/AndroidManifest.xml:48:17-79
121-->src/main/AndroidManifest.xml:48:25-76
122                <action android:name="android.intent.action.QUICKBOOT_POWERON" />
122-->src/main/AndroidManifest.xml:49:17-82
122-->src/main/AndroidManifest.xml:49:25-79
123                <action android:name="com.htc.intent.action.QUICKBOOT_POWERON" />
123-->src/main/AndroidManifest.xml:50:17-82
123-->src/main/AndroidManifest.xml:50:25-79
124            </intent-filter>
125        </receiver>
126
127        <service
127-->src/main/AndroidManifest.xml:54:9-60:19
128            android:name="com.dieam.reactnativepushnotification.modules.RNPushNotificationListenerService"
128-->src/main/AndroidManifest.xml:55:13-107
129            android:exported="false" >
129-->src/main/AndroidManifest.xml:56:13-37
130            <intent-filter>
130-->src/main/AndroidManifest.xml:57:13-59:29
131                <action android:name="com.google.firebase.MESSAGING_EVENT" />
131-->src/main/AndroidManifest.xml:58:17-78
131-->src/main/AndroidManifest.xml:58:25-75
132            </intent-filter>
133        </service>
134
135        <meta-data
135-->src/main/AndroidManifest.xml:61:9-62:64
136            android:name="com.bugsnag.android.API_KEY"
136-->src/main/AndroidManifest.xml:61:20-62
137            android:value="058df04eb9c1034ef788363f52254231" />
137-->src/main/AndroidManifest.xml:62:13-61
138
139        <service
139-->[:react-native-firebase_messaging] AndroidManifest.xml:12:9-14:40
140            android:name="io.invertase.firebase.messaging.ReactNativeFirebaseMessagingHeadlessService"
140-->[:react-native-firebase_messaging] AndroidManifest.xml:13:13-103
141            android:exported="false" />
141-->[:react-native-firebase_messaging] AndroidManifest.xml:14:13-37
142        <service
142-->[:react-native-firebase_messaging] AndroidManifest.xml:15:9-21:19
143            android:name="io.invertase.firebase.messaging.ReactNativeFirebaseMessagingService"
143-->[:react-native-firebase_messaging] AndroidManifest.xml:16:13-95
144            android:exported="false" >
144-->[:react-native-firebase_messaging] AndroidManifest.xml:17:13-37
145            <intent-filter>
145-->src/main/AndroidManifest.xml:57:13-59:29
146                <action android:name="com.google.firebase.MESSAGING_EVENT" />
146-->src/main/AndroidManifest.xml:58:17-78
146-->src/main/AndroidManifest.xml:58:25-75
147            </intent-filter>
148        </service>
149
150        <receiver
150-->[:react-native-firebase_messaging] AndroidManifest.xml:23:9-30:20
151            android:name="io.invertase.firebase.messaging.ReactNativeFirebaseMessagingReceiver"
151-->[:react-native-firebase_messaging] AndroidManifest.xml:24:13-96
152            android:exported="true"
152-->[:react-native-firebase_messaging] AndroidManifest.xml:25:13-36
153            android:permission="com.google.android.c2dm.permission.SEND" >
153-->[:react-native-firebase_messaging] AndroidManifest.xml:26:13-73
154            <intent-filter>
154-->[:react-native-firebase_messaging] AndroidManifest.xml:27:13-29:29
155                <action android:name="com.google.android.c2dm.intent.RECEIVE" />
155-->[:react-native-firebase_messaging] AndroidManifest.xml:28:17-81
155-->[:react-native-firebase_messaging] AndroidManifest.xml:28:25-78
156            </intent-filter>
157        </receiver>
158
159        <meta-data
159-->[:react-native-firebase_messaging] AndroidManifest.xml:32:9-34:37
160            android:name="firebase_messaging_auto_init_enabled"
160-->[:react-native-firebase_messaging] AndroidManifest.xml:33:13-64
161            android:value="false" />
161-->[:react-native-firebase_messaging] AndroidManifest.xml:34:13-34
162        <meta-data
162-->[:react-native-firebase_messaging] AndroidManifest.xml:35:9-37:32
163            android:name="com.google.firebase.messaging.default_notification_channel_id"
163-->[:react-native-firebase_messaging] AndroidManifest.xml:36:13-89
164            android:value="" />
164-->[:react-native-firebase_messaging] AndroidManifest.xml:37:13-29
165        <meta-data
165-->[:react-native-firebase_messaging] AndroidManifest.xml:38:9-40:47
166            android:name="com.google.firebase.messaging.default_notification_color"
166-->[:react-native-firebase_messaging] AndroidManifest.xml:39:13-84
167            android:resource="@color/white" />
167-->[:react-native-firebase_messaging] AndroidManifest.xml:40:13-44
168        <meta-data
168-->[:react-native-firebase_app] AndroidManifest.xml:9:9-11:36
169            android:name="app_data_collection_default_enabled"
169-->[:react-native-firebase_app] AndroidManifest.xml:10:13-63
170            android:value="true" />
170-->[:react-native-firebase_app] AndroidManifest.xml:11:13-33
171
172        <service
172-->[:react-native-firebase_app] AndroidManifest.xml:13:9-21:19
173            android:name="com.google.firebase.components.ComponentDiscoveryService"
173-->[:react-native-firebase_app] AndroidManifest.xml:14:13-84
174            android:directBootAware="true"
174-->[:react-native-firebase_app] AndroidManifest.xml:15:13-43
175            android:exported="false" >
175-->[:react-native-firebase_app] AndroidManifest.xml:16:13-37
176            <meta-data
176-->[:react-native-firebase_app] AndroidManifest.xml:18:13-20:85
177                android:name="com.google.firebase.components:io.invertase.firebase.app.ReactNativeFirebaseAppRegistrar"
177-->[:react-native-firebase_app] AndroidManifest.xml:19:17-120
178                android:value="com.google.firebase.components.ComponentRegistrar" />
178-->[:react-native-firebase_app] AndroidManifest.xml:20:17-82
179            <meta-data
179-->[com.google.firebase:firebase-firestore:25.0.0] AndroidManifest.xml:17:13-19:85
180                android:name="com.google.firebase.components:com.google.firebase.firestore.FirebaseFirestoreKtxRegistrar"
180-->[com.google.firebase:firebase-firestore:25.0.0] AndroidManifest.xml:18:17-122
181                android:value="com.google.firebase.components.ComponentRegistrar" />
181-->[com.google.firebase:firebase-firestore:25.0.0] AndroidManifest.xml:19:17-82
182            <meta-data
182-->[com.google.firebase:firebase-firestore:25.0.0] AndroidManifest.xml:20:13-22:85
183                android:name="com.google.firebase.components:com.google.firebase.firestore.FirestoreRegistrar"
183-->[com.google.firebase:firebase-firestore:25.0.0] AndroidManifest.xml:21:17-111
184                android:value="com.google.firebase.components.ComponentRegistrar" />
184-->[com.google.firebase:firebase-firestore:25.0.0] AndroidManifest.xml:22:17-82
185            <meta-data
185-->[com.google.firebase:firebase-auth:23.0.0] AndroidManifest.xml:69:13-71:85
186                android:name="com.google.firebase.components:com.google.firebase.auth.FirebaseAuthRegistrar"
186-->[com.google.firebase:firebase-auth:23.0.0] AndroidManifest.xml:70:17-109
187                android:value="com.google.firebase.components.ComponentRegistrar" />
187-->[com.google.firebase:firebase-auth:23.0.0] AndroidManifest.xml:71:17-82
188            <meta-data
188-->[com.google.firebase:firebase-messaging:24.0.0] AndroidManifest.xml:57:13-59:85
189                android:name="com.google.firebase.components:com.google.firebase.messaging.FirebaseMessagingKtxRegistrar"
189-->[com.google.firebase:firebase-messaging:24.0.0] AndroidManifest.xml:58:17-122
190                android:value="com.google.firebase.components.ComponentRegistrar" />
190-->[com.google.firebase:firebase-messaging:24.0.0] AndroidManifest.xml:59:17-82
191            <meta-data
191-->[com.google.firebase:firebase-messaging:24.0.0] AndroidManifest.xml:60:13-62:85
192                android:name="com.google.firebase.components:com.google.firebase.messaging.FirebaseMessagingRegistrar"
192-->[com.google.firebase:firebase-messaging:24.0.0] AndroidManifest.xml:61:17-119
193                android:value="com.google.firebase.components.ComponentRegistrar" />
193-->[com.google.firebase:firebase-messaging:24.0.0] AndroidManifest.xml:62:17-82
194            <meta-data
194-->[com.google.android.gms:play-services-measurement-api:22.0.2] AndroidManifest.xml:37:13-39:85
195                android:name="com.google.firebase.components:com.google.firebase.analytics.connector.internal.AnalyticsConnectorRegistrar"
195-->[com.google.android.gms:play-services-measurement-api:22.0.2] AndroidManifest.xml:38:17-139
196                android:value="com.google.firebase.components.ComponentRegistrar" />
196-->[com.google.android.gms:play-services-measurement-api:22.0.2] AndroidManifest.xml:39:17-82
197            <meta-data
197-->[com.google.firebase:firebase-installations:18.0.0] AndroidManifest.xml:15:13-17:85
198                android:name="com.google.firebase.components:com.google.firebase.installations.FirebaseInstallationsKtxRegistrar"
198-->[com.google.firebase:firebase-installations:18.0.0] AndroidManifest.xml:16:17-130
199                android:value="com.google.firebase.components.ComponentRegistrar" />
199-->[com.google.firebase:firebase-installations:18.0.0] AndroidManifest.xml:17:17-82
200            <meta-data
200-->[com.google.firebase:firebase-installations:18.0.0] AndroidManifest.xml:18:13-20:85
201                android:name="com.google.firebase.components:com.google.firebase.installations.FirebaseInstallationsRegistrar"
201-->[com.google.firebase:firebase-installations:18.0.0] AndroidManifest.xml:19:17-127
202                android:value="com.google.firebase.components.ComponentRegistrar" />
202-->[com.google.firebase:firebase-installations:18.0.0] AndroidManifest.xml:20:17-82
203            <meta-data
203-->[com.google.firebase:firebase-common-ktx:21.0.0] AndroidManifest.xml:12:13-14:85
204                android:name="com.google.firebase.components:com.google.firebase.ktx.FirebaseCommonLegacyRegistrar"
204-->[com.google.firebase:firebase-common-ktx:21.0.0] AndroidManifest.xml:13:17-116
205                android:value="com.google.firebase.components.ComponentRegistrar" />
205-->[com.google.firebase:firebase-common-ktx:21.0.0] AndroidManifest.xml:14:17-82
206            <meta-data
206-->[com.google.firebase:firebase-common:21.0.0] AndroidManifest.xml:35:13-37:85
207                android:name="com.google.firebase.components:com.google.firebase.FirebaseCommonKtxRegistrar"
207-->[com.google.firebase:firebase-common:21.0.0] AndroidManifest.xml:36:17-109
208                android:value="com.google.firebase.components.ComponentRegistrar" />
208-->[com.google.firebase:firebase-common:21.0.0] AndroidManifest.xml:37:17-82
209            <meta-data
209-->[com.google.firebase:firebase-datatransport:18.2.0] AndroidManifest.xml:25:13-27:85
210                android:name="com.google.firebase.components:com.google.firebase.datatransport.TransportRegistrar"
210-->[com.google.firebase:firebase-datatransport:18.2.0] AndroidManifest.xml:26:17-115
211                android:value="com.google.firebase.components.ComponentRegistrar" />
211-->[com.google.firebase:firebase-datatransport:18.2.0] AndroidManifest.xml:27:17-82
212        </service>
213
214        <provider
214-->[:react-native-firebase_app] AndroidManifest.xml:23:9-27:38
215            android:name="io.invertase.firebase.app.ReactNativeFirebaseAppInitProvider"
215-->[:react-native-firebase_app] AndroidManifest.xml:24:13-88
216            android:authorities="com.godareapp.app.reactnativefirebaseappinitprovider"
216-->[:react-native-firebase_app] AndroidManifest.xml:25:13-86
217            android:exported="false"
217-->[:react-native-firebase_app] AndroidManifest.xml:26:13-37
218            android:initOrder="99" />
218-->[:react-native-firebase_app] AndroidManifest.xml:27:13-35
219
220        <meta-data
220-->[:sentry_react-native] AndroidManifest.xml:11:9-13:37
221            android:name="io.sentry.auto-init"
221-->[:sentry_react-native] AndroidManifest.xml:12:13-47
222            android:value="false" />
222-->[:sentry_react-native] AndroidManifest.xml:13:13-34
223
224        <provider
224-->[:react-native-blob-util] AndroidManifest.xml:35:9-43:20
225            android:name="com.ReactNativeBlobUtil.Utils.FileProvider"
225-->[:react-native-blob-util] AndroidManifest.xml:36:13-70
226            android:authorities="com.godareapp.app.provider"
226-->[:react-native-blob-util] AndroidManifest.xml:37:13-60
227            android:exported="false"
227-->[:react-native-blob-util] AndroidManifest.xml:38:13-37
228            android:grantUriPermissions="true" >
228-->[:react-native-blob-util] AndroidManifest.xml:39:13-47
229            <meta-data
229-->[:react-native-blob-util] AndroidManifest.xml:40:13-42:58
230                android:name="android.support.FILE_PROVIDER_PATHS"
230-->[:react-native-blob-util] AndroidManifest.xml:41:17-67
231                android:resource="@xml/provider_paths" />
231-->[:react-native-blob-util] AndroidManifest.xml:42:17-55
232        </provider>
233
234        <activity android:name="com.masteratul.exceptionhandler.DefaultErrorScreen" >
234-->[:react-native-exception-handler] AndroidManifest.xml:8:9-9:20
234-->[:react-native-exception-handler] AndroidManifest.xml:8:19-84
235        </activity>
236
237        <provider
237-->[:react-native-image-picker] AndroidManifest.xml:8:9-16:20
238            android:name="com.imagepicker.ImagePickerProvider"
238-->[:react-native-image-picker] AndroidManifest.xml:9:13-63
239            android:authorities="com.godareapp.app.imagepickerprovider"
239-->[:react-native-image-picker] AndroidManifest.xml:10:13-71
240            android:exported="false"
240-->[:react-native-image-picker] AndroidManifest.xml:11:13-37
241            android:grantUriPermissions="true" >
241-->[:react-native-image-picker] AndroidManifest.xml:12:13-47
242            <meta-data
242-->[:react-native-blob-util] AndroidManifest.xml:40:13-42:58
243                android:name="android.support.FILE_PROVIDER_PATHS"
243-->[:react-native-blob-util] AndroidManifest.xml:41:17-67
244                android:resource="@xml/imagepicker_provider_paths" />
244-->[:react-native-blob-util] AndroidManifest.xml:42:17-55
245        </provider>
246
247        <activity
247-->[com.facebook.react:react-android:0.73.6] AndroidManifest.xml:19:9-21:40
248            android:name="com.facebook.react.devsupport.DevSettingsActivity"
248-->[com.facebook.react:react-android:0.73.6] AndroidManifest.xml:20:13-77
249            android:exported="false" />
249-->[com.facebook.react:react-android:0.73.6] AndroidManifest.xml:21:13-37
250        <activity
250-->[com.stripe:financial-connections:20.48.6] AndroidManifest.xml:21:9-65:20
251            android:name="com.stripe.android.financialconnections.FinancialConnectionsSheetRedirectActivity"
251-->[com.stripe:financial-connections:20.48.6] AndroidManifest.xml:22:13-109
252            android:exported="true"
252-->[com.stripe:financial-connections:20.48.6] AndroidManifest.xml:23:13-36
253            android:launchMode="singleTask" >
253-->[com.stripe:financial-connections:20.48.6] AndroidManifest.xml:24:13-44
254            <intent-filter>
254-->[com.stripe:financial-connections:20.48.6] AndroidManifest.xml:25:13-64:29